<?xml version="1.0" encoding="UTF-8"?>
<!-- Generated by org.testng.reporters.JUnitReportReporter -->
<testsuite hostname="Shujens-MacBook-Air.local" name="com.rideauction.webtest.test.bid.TestToAirportBidPage" tests="2" failures="0" timestamp="17 Jun 2014 04:55:12 GMT" time="30.941" errors="0">
  <testcase name="testToAirportBuyWithoutAcceptingTerm" time="14.384" classname="com.rideauction.webtest.test.bid.TestToAirportBidPage"/>
  <testcase name="testToAirportBuyWithoutAcceptingTerm" time="16.557" classname="com.rideauction.webtest.test.bid.TestToAirportBidPage"/>
</testsuite> <!-- com.rideauction.webtest.test.bid.TestToAirportBidPage -->
