<?xml version="1.0" encoding="UTF-8"?>
<!-- Generated by org.testng.reporters.JUnitReportReporter -->
<testsuite hostname="Shujens-MacBook-Air.local" name="com.rideauction.webtest.test.bid.TestEXoticCarBidPage" tests="1" failures="0" timestamp="24 Jun 2014 21:32:25 GMT" time="27.456" errors="0">
  <testcase name="testExoticCarPage" time="27.456" classname="com.rideauction.webtest.test.bid.TestEXoticCarBidPage"/>
</testsuite> <!-- com.rideauction.webtest.test.bid.TestEXoticCarBidPage -->
