<?xml version="1.0" encoding="UTF-8"?>
<!-- Generated by org.testng.reporters.JUnitReportReporter -->
<testsuite hostname="Shujens-MacBook-Air.local" name="com.rideauction.webtest.test.home.TestHomePage" tests="1" failures="0" timestamp="8 Jul 2014 00:27:16 GMT" time="16.013" errors="0">
  <testcase name="testSwitchToTweeter" time="16.013" classname="com.rideauction.webtest.test.home.TestHomePage"/>
</testsuite> <!-- com.rideauction.webtest.test.home.TestHomePage -->
