<?xml version="1.0" encoding="UTF-8"?>
<!-- Generated by org.testng.reporters.JUnitReportReporter -->
<testsuite hostname="Shujens-MacBook-Air.local" name="come.rideauction.webtest.test.home.TestHomePage" tests="1" failures="0" timestamp="24 May 2014 05:40:06 GMT" time="10.823" errors="0">
  <testcase name="testFillInContactInfo" time="10.823" classname="come.rideauction.webtest.test.home.TestHomePage"/>
</testsuite> <!-- come.rideauction.webtest.test.home.TestHomePage -->
