<?xml version="1.0" encoding="UTF-8"?>
<!-- Generated by org.testng.reporters.JUnitReportReporter -->
<testsuite hostname="Shujens-MacBook-Air.local" name="com.rideauction.webtest.test.bid.TestPointToPoinBidtPage" tests="1" failures="0" timestamp="25 Aug 2014 22:07:48 GMT" time="13.587" errors="0">
  <testcase name="testGetPrices" time="13.587" classname="com.rideauction.webtest.test.bid.TestPointToPoinBidtPage"/>
</testsuite> <!-- com.rideauction.webtest.test.bid.TestPointToPoinBidtPage -->
